INFO:root:Getting data -- keyword:快餐
INFO:root:Converting data ......
INFO:root:Getting data -- keyword:快餐
INFO:root:Converting data ......
INFO:root:Getting data -- keyword:快餐
INFO:root:Converting data ......
INFO:root:Getting data -- keyword:快餐
INFO:root:Converting data ......
INFO:root:Getting data -- keyword:快餐
INFO:root:Converting data ......
INFO:root:Getting data -- keyword:快餐
ERROR:root:Got 0 record
INFO:root:Getting data -- keyword:快餐
INFO:root:Converting data ......
INFO:root:Getting data -- keyword:快餐
INFO:root:Converting data ......
INFO:root:Getting data -- keyword:快餐
INFO:root:Converting data ......
INFO:root:Getting data -- keyword:快餐
INFO:root:Converting data ......
INFO:root:Getting data -- keyword:快餐
ERROR:root:Got 0 record
INFO:root:Writing file as csv  ......
INFO:root:Writing file as geojson
INFO:root:Getting data -- keyword:快餐
ERROR:root:Got 0 record
INFO:root:Getting data -- keyword:快餐
INFO:root:Converting data ......
INFO:root:Getting data -- keyword:快餐
INFO:root:Converting data ......
INFO:root:Getting data -- keyword:快餐
INFO:root:Converting data ......
INFO:root:Getting data -- keyword:快餐
INFO:root:Converting data ......
INFO:root:Getting data -- keyword:快餐
INFO:root:Converting data ......
INFO:root:Getting data -- keyword:快餐
ERROR:root:Got 0 record
INFO:root:Writing file as csv  ......
INFO:root:Writing file as geojson
INFO:root:Getting data -- keyword:快餐
INFO:root:Converting data ......
INFO:root:Getting data -- keyword:快餐
INFO:root:Converting data ......
INFO:root:Getting data -- keyword:快餐
INFO:root:Converting data ......
INFO:root:Getting data -- keyword:快餐
INFO:root:Converting data ......
INFO:root:Getting data -- keyword:快餐
INFO:root:Converting data ......
INFO:root:Getting data -- keyword:快餐
ERROR:root:Got 0 record
INFO:root:Getting data -- keyword:快餐
INFO:root:Converting data ......
INFO:root:Getting data -- keyword:快餐
INFO:root:Converting data ......
INFO:root:Getting data -- keyword:快餐
INFO:root:Converting data ......
INFO:root:Getting data -- keyword:快餐
INFO:root:Converting data ......
INFO:root:Getting data -- keyword:快餐
INFO:root:Converting data ......
INFO:root:Getting data -- keyword:快餐
ERROR:root:Got 0 record
INFO:root:Writing file as csv  ......
INFO:root:Writing file as geojson
INFO:root:Getting data  -- keyword:快餐|医院
INFO:root:Converting data ......
INFO:root:Getting data  -- keyword:快餐|医院
INFO:root:Converting data ......
INFO:root:Getting data  -- keyword:快餐|医院
INFO:root:Converting data ......
INFO:root:Getting data  -- keyword:快餐|医院
INFO:root:Converting data ......
INFO:root:Getting data  -- keyword:快餐|医院
INFO:root:Converting data ......
INFO:root:Getting data  -- keyword:快餐|医院
INFO:root:Converting data ......
INFO:root:Getting data  -- keyword:快餐|医院
INFO:root:Converting data ......
INFO:root:Getting data  -- keyword:快餐|医院
INFO:root:Converting data ......
INFO:root:Getting data  -- keyword:快餐|医院
INFO:root:Converting data ......
INFO:root:Getting data  -- keyword:快餐|医院
INFO:root:Converting data ......
INFO:root:Getting data  -- keyword:快餐|医院
